# JRE version: OpenJDK Runtime Environment Temurin-17.0.7+7 (17.0.7+7) (build 17.0.7+7)
# Java VM: OpenJDK 64-Bit Server VM Temurin-17.0.7+7 (17.0.7+7, mixed mode, sharing, tiered, compressed oops, compressed class ptrs, g1 gc, windows-amd64)
GC Precious Log:
 CPUs: 12 total, 12 available
 Memory: 15731M
 Large Page Support: Disabled
 NUMA Support: Disabled
 Compressed Oops: Enabled (Zero based)
 Heap Region Size: 2M
 Heap Min Capacity: 512M
 Heap Initial Capacity: 512M
 Heap Max Capacity: 4072M
 Pre-touch: Disabled
 Parallel Workers: 10
 Concurrent Workers: 3
 Concurrent Refinement Workers: 10
 Periodic GC: Disabled
 String Deduplication is enabled
Heap:
 garbage-first heap   total 524288K, used 121015K [0x0000000701800000, 0x0000000800000000)
  region size 2048K, 22 young (45056K), 2 survivors (4096K)
 Metaspace       used 89266K, committed 89856K, reserved 1179648K
  class space    used 12749K, committed 13056K, reserved 1048576K
GC Heap History (20 events):
Event: 59756.254 GC heap before
{Heap before GC invocations=95 (full 10):
 garbage-first heap   total 524288K, used 166947K [0x0000000701800000, 0x0000000800000000)
  region size 2048K, 40 young (81920K), 2 survivors (4096K)
 Metaspace       used 89046K, committed 89600K, reserved 1179648K
  class space    used 12744K, committed 12992K, reserved 1048576K
}
Event: 59756.258 GC heap after
{Heap after GC invocations=96 (full 10):
 garbage-first heap   total 524288K, used 89214K [0x0000000701800000, 0x0000000800000000)
  region size 2048K, 2 young (4096K), 2 survivors (4096K)
 Metaspace       used 89046K, committed 89600K, reserved 1179648K
  class space    used 12744K, committed 12992K, reserved 1048576K
}
Event: 59945.024 GC heap before
{Heap before GC invocations=96 (full 10):
 garbage-first heap   total 524288K, used 167038K [0x0000000701800000, 0x0000000800000000)
  region size 2048K, 40 young (81920K), 2 survivors (4096K)
 Metaspace       used 89047K, committed 89600K, reserved 1179648K
  class space    used 12744K, committed 12992K, reserved 1048576K
}
Event: 59945.029 GC heap after
{Heap after GC invocations=97 (full 10):
 garbage-first heap   total 524288K, used 89295K [0x0000000701800000, 0x0000000800000000)
  region size 2048K, 2 young (4096K), 2 survivors (4096K)
 Metaspace       used 89047K, committed 89600K, reserved 1179648K
  class space    used 12744K, committed 12992K, reserved 1048576K
}
Event: 60135.505 GC heap before
{Heap before GC invocations=97 (full 10):
 garbage-first heap   total 524288K, used 167119K [0x0000000701800000, 0x0000000800000000)
  region size 2048K, 40 young (81920K), 2 survivors (4096K)
 Metaspace       used 89047K, committed 89600K, reserved 1179648K
  class space    used 12744K, committed 12992K, reserved 1048576K
}
Event: 60135.509 GC heap after
{Heap after GC invocations=98 (full 10):
 garbage-first heap   total 524288K, used 89226K [0x0000000701800000, 0x0000000800000000)
  region size 2048K, 2 young (4096K), 2 survivors (4096K)
 Metaspace       used 89047K, committed 89600K, reserved 1179648K
  class space    used 12744K, committed 12992K, reserved 1048576K
}
Event: 60325.247 GC heap before
{Heap before GC invocations=98 (full 10):
 garbage-first heap   total 524288K, used 167050K [0x0000000701800000, 0x0000000800000000)
  region size 2048K, 40 young (81920K), 2 survivors (4096K)
 Metaspace       used 89047K, committed 89600K, reserved 1179648K
  class space    used 12744K, committed 12992K, reserved 1048576K
}
Event: 60325.251 GC heap after
{Heap after GC invocations=99 (full 10):
 garbage-first heap   total 524288K, used 89164K [0x0000000701800000, 0x0000000800000000)
  region size 2048K, 2 young (4096K), 2 survivors (4096K)
 Metaspace       used 89047K, committed 89600K, reserved 1179648K
  class space    used 12744K, committed 12992K, reserved 1048576K
}
Event: 60514.747 GC heap before
{Heap before GC invocations=99 (full 10):
 garbage-first heap   total 524288K, used 166988K [0x0000000701800000, 0x0000000800000000)
  region size 2048K, 40 young (81920K), 2 survivors (4096K)
 Metaspace       used 89049K, committed 89600K, reserved 1179648K
  class space    used 12744K, committed 12992K, reserved 1048576K
}
Event: 60514.751 GC heap after
{Heap after GC invocations=100 (full 10):
 garbage-first heap   total 524288K, used 89177K [0x0000000701800000, 0x0000000800000000)
  region size 2048K, 2 young (4096K), 2 survivors (4096K)
 Metaspace       used 89049K, committed 89600K, reserved 1179648K
  class space    used 12744K, committed 12992K, reserved 1048576K
}
Event: 60593.887 GC heap before
{Heap before GC invocations=100 (full 10):
 garbage-first heap   total 524288K, used 167001K [0x0000000701800000, 0x0000000800000000)
  region size 2048K, 40 young (81920K), 2 survivors (4096K)
 Metaspace       used 89077K, committed 89664K, reserved 1179648K
  class space    used 12746K, committed 12992K, reserved 1048576K
}
Event: 60593.890 GC heap after
{Heap after GC invocations=101 (full 10):
 garbage-first heap   total 524288K, used 88999K [0x0000000701800000, 0x0000000800000000)
  region size 2048K, 2 young (4096K), 2 survivors (4096K)
 Metaspace       used 89077K, committed 89664K, reserved 1179648K
  class space    used 12746K, committed 12992K, reserved 1048576K
}
Event: 60600.379 GC heap before
{Heap before GC invocations=101 (full 10):
 garbage-first heap   total 524288K, used 129959K [0x0000000701800000, 0x0000000800000000)
  region size 2048K, 23 young (47104K), 2 survivors (4096K)
 Metaspace       used 89082K, committed 89664K, reserved 1179648K
  class space    used 12746K, committed 12992K, reserved 1048576K
}
Event: 60600.436 GC heap after
{Heap after GC invocations=102 (full 11):
 garbage-first heap   total 524288K, used 79858K [0x0000000701800000, 0x0000000800000000)
  region size 2048K, 0 young (0K), 0 survivors (0K)
 Metaspace       used 89082K, committed 89664K, reserved 1179648K
  class space    used 12746K, committed 12992K, reserved 1048576K
}
Event: 60620.173 GC heap before
{Heap before GC invocations=102 (full 11):
 garbage-first heap   total 524288K, used 161778K [0x0000000701800000, 0x0000000800000000)
  region size 2048K, 40 young (81920K), 0 survivors (0K)
 Metaspace       used 89156K, committed 89728K, reserved 1179648K
  class space    used 12746K, committed 12992K, reserved 1048576K
}
Event: 60620.175 GC heap after
{Heap after GC invocations=103 (full 11):
 garbage-first heap   total 524288K, used 81359K [0x0000000701800000, 0x0000000800000000)
  region size 2048K, 1 young (2048K), 1 survivors (2048K)
 Metaspace       used 89156K, committed 89728K, reserved 1179648K
  class space    used 12746K, committed 12992K, reserved 1048576K
}
Event: 60636.391 GC heap before
{Heap before GC invocations=103 (full 11):
 garbage-first heap   total 524288K, used 161231K [0x0000000701800000, 0x0000000800000000)
  region size 2048K, 40 young (81920K), 1 survivors (2048K)
 Metaspace       used 89159K, committed 89728K, reserved 1179648K
  class space    used 12746K, committed 12992K, reserved 1048576K
}
Event: 60636.393 GC heap after
{Heap after GC invocations=104 (full 11):
 garbage-first heap   total 524288K, used 81227K [0x0000000701800000, 0x0000000800000000)
  region size 2048K, 1 young (2048K), 1 survivors (2048K)
 Metaspace       used 89159K, committed 89728K, reserved 1179648K
  class space    used 12746K, committed 12992K, reserved 1048576K
}
Event: 60679.131 GC heap before
{Heap before GC invocations=104 (full 11):
 garbage-first heap   total 524288K, used 161099K [0x0000000701800000, 0x0000000800000000)
  region size 2048K, 40 young (81920K), 1 survivors (2048K)
 Metaspace       used 89206K, committed 89792K, reserved 1179648K
  class space    used 12747K, committed 12992K, reserved 1048576K
}
Event: 60679.134 GC heap after
{Heap after GC invocations=105 (full 11):
 garbage-first heap   total 524288K, used 82103K [0x0000000701800000, 0x0000000800000000)
  region size 2048K, 2 young (4096K), 2 survivors (4096K)
 Metaspace       used 89206K, committed 89792K, reserved 1179648K
  class space    used 12747K, committed 12992K, reserved 1048576K
}

