# JRE version: OpenJDK Runtime Environment Temurin-17.0.7+7 (17.0.7+7) (build 17.0.7+7)
# Java VM: OpenJDK 64-Bit Server VM Temurin-17.0.7+7 (17.0.7+7, mixed mode, sharing, tiered, compressed oops, compressed class ptrs, g1 gc, windows-amd64)
GC Precious Log:
 CPUs: 16 total, 16 available
 Memory: 16302M
 Large Page Support: Disabled
 NUMA Support: Disabled
 Compressed Oops: Enabled (Zero based)
 Heap Region Size: 2M
 Heap Min Capacity: 512M
 Heap Initial Capacity: 512M
 Heap Max Capacity: 4072M
 Pre-touch: Disabled
 Parallel Workers: 13
 Concurrent Workers: 3
 Concurrent Refinement Workers: 13
 Periodic GC: Disabled
 String Deduplication is enabled
Heap:
 garbage-first heap   total 524288K, used 218843K [0x0000000701800000, 0x0000000800000000)
  region size 2048K, 20 young (40960K), 4 survivors (8192K)
 Metaspace       used 100350K, committed 101184K, reserved 1179648K
  class space    used 13563K, committed 14016K, reserved 1048576K
GC Heap History (20 events):
Event: 4024.071 GC heap before
{Heap before GC invocations=597 (full 175):
 garbage-first heap   total 524288K, used 259908K [0x0000000701800000, 0x0000000800000000)
  region size 2048K, 40 young (81920K), 3 survivors (6144K)
 Metaspace       used 100026K, committed 100992K, reserved 1179648K
  class space    used 13502K, committed 13952K, reserved 1048576K
}
Event: 4024.073 GC heap after
{Heap after GC invocations=598 (full 175):
 garbage-first heap   total 524288K, used 185095K [0x0000000701800000, 0x0000000800000000)
  region size 2048K, 3 young (6144K), 3 survivors (6144K)
 Metaspace       used 100026K, committed 100992K, reserved 1179648K
  class space    used 13502K, committed 13952K, reserved 1048576K
}
Event: 4031.088 GC heap before
{Heap before GC invocations=598 (full 175):
 garbage-first heap   total 524288K, used 260871K [0x0000000701800000, 0x0000000800000000)
  region size 2048K, 40 young (81920K), 3 survivors (6144K)
 Metaspace       used 100033K, committed 100992K, reserved 1179648K
  class space    used 13502K, committed 13952K, reserved 1048576K
}
Event: 4031.090 GC heap after
{Heap after GC invocations=599 (full 175):
 garbage-first heap   total 524288K, used 185393K [0x0000000701800000, 0x0000000800000000)
  region size 2048K, 3 young (6144K), 3 survivors (6144K)
 Metaspace       used 100033K, committed 100992K, reserved 1179648K
  class space    used 13502K, committed 13952K, reserved 1048576K
}
Event: 4038.247 GC heap before
{Heap before GC invocations=599 (full 175):
 garbage-first heap   total 524288K, used 261169K [0x0000000701800000, 0x0000000800000000)
  region size 2048K, 40 young (81920K), 3 survivors (6144K)
 Metaspace       used 100078K, committed 100992K, reserved 1179648K
  class space    used 13511K, committed 13952K, reserved 1048576K
}
Event: 4038.249 GC heap after
{Heap after GC invocations=600 (full 175):
 garbage-first heap   total 524288K, used 185554K [0x0000000701800000, 0x0000000800000000)
  region size 2048K, 3 young (6144K), 3 survivors (6144K)
 Metaspace       used 100078K, committed 100992K, reserved 1179648K
  class space    used 13511K, committed 13952K, reserved 1048576K
}
Event: 4043.615 GC heap before
{Heap before GC invocations=600 (full 175):
 garbage-first heap   total 524288K, used 261330K [0x0000000701800000, 0x0000000800000000)
  region size 2048K, 41 young (83968K), 3 survivors (6144K)
 Metaspace       used 100109K, committed 100992K, reserved 1179648K
  class space    used 13511K, committed 13952K, reserved 1048576K
}
Event: 4043.618 GC heap after
{Heap after GC invocations=601 (full 175):
 garbage-first heap   total 524288K, used 186175K [0x0000000701800000, 0x0000000800000000)
  region size 2048K, 3 young (6144K), 3 survivors (6144K)
 Metaspace       used 100109K, committed 100992K, reserved 1179648K
  class space    used 13511K, committed 13952K, reserved 1048576K
}
Event: 4048.496 GC heap before
{Heap before GC invocations=601 (full 175):
 garbage-first heap   total 524288K, used 261951K [0x0000000701800000, 0x0000000800000000)
  region size 2048K, 40 young (81920K), 3 survivors (6144K)
 Metaspace       used 100138K, committed 100992K, reserved 1179648K
  class space    used 13511K, committed 13952K, reserved 1048576K
}
Event: 4048.498 GC heap after
{Heap after GC invocations=602 (full 175):
 garbage-first heap   total 524288K, used 185527K [0x0000000701800000, 0x0000000800000000)
  region size 2048K, 2 young (4096K), 2 survivors (4096K)
 Metaspace       used 100138K, committed 100992K, reserved 1179648K
  class space    used 13511K, committed 13952K, reserved 1048576K
}
Event: 4057.219 GC heap before
{Heap before GC invocations=602 (full 175):
 garbage-first heap   total 524288K, used 263351K [0x0000000701800000, 0x0000000800000000)
  region size 2048K, 40 young (81920K), 2 survivors (4096K)
 Metaspace       used 100141K, committed 101056K, reserved 1179648K
  class space    used 13511K, committed 13952K, reserved 1048576K
}
Event: 4057.221 GC heap after
{Heap after GC invocations=603 (full 175):
 garbage-first heap   total 524288K, used 185447K [0x0000000701800000, 0x0000000800000000)
  region size 2048K, 2 young (4096K), 2 survivors (4096K)
 Metaspace       used 100141K, committed 101056K, reserved 1179648K
  class space    used 13511K, committed 13952K, reserved 1048576K
}
Event: 4064.685 GC heap before
{Heap before GC invocations=603 (full 175):
 garbage-first heap   total 524288K, used 263271K [0x0000000701800000, 0x0000000800000000)
  region size 2048K, 40 young (81920K), 2 survivors (4096K)
 Metaspace       used 100315K, committed 101184K, reserved 1179648K
  class space    used 13563K, committed 14016K, reserved 1048576K
}
Event: 4064.687 GC heap after
{Heap after GC invocations=604 (full 175):
 garbage-first heap   total 524288K, used 186219K [0x0000000701800000, 0x0000000800000000)
  region size 2048K, 3 young (6144K), 3 survivors (6144K)
 Metaspace       used 100315K, committed 101184K, reserved 1179648K
  class space    used 13563K, committed 14016K, reserved 1048576K
}
Event: 4065.553 GC heap before
{Heap before GC invocations=604 (full 175):
 garbage-first heap   total 524288K, used 261995K [0x0000000701800000, 0x0000000800000000)
  region size 2048K, 40 young (81920K), 3 survivors (6144K)
 Metaspace       used 100316K, committed 101184K, reserved 1179648K
  class space    used 13563K, committed 14016K, reserved 1048576K
}
Event: 4065.556 GC heap after
{Heap after GC invocations=605 (full 175):
 garbage-first heap   total 524288K, used 186390K [0x0000000701800000, 0x0000000800000000)
  region size 2048K, 3 young (6144K), 3 survivors (6144K)
 Metaspace       used 100316K, committed 101184K, reserved 1179648K
  class space    used 13563K, committed 14016K, reserved 1048576K
}
Event: 4065.725 GC heap before
{Heap before GC invocations=605 (full 175):
 garbage-first heap   total 524288K, used 262166K [0x0000000701800000, 0x0000000800000000)
  region size 2048K, 40 young (81920K), 3 survivors (6144K)
 Metaspace       used 100316K, committed 101184K, reserved 1179648K
  class space    used 13563K, committed 14016K, reserved 1048576K
}
Event: 4065.727 GC heap after
{Heap after GC invocations=606 (full 175):
 garbage-first heap   total 524288K, used 186347K [0x0000000701800000, 0x0000000800000000)
  region size 2048K, 3 young (6144K), 3 survivors (6144K)
 Metaspace       used 100316K, committed 101184K, reserved 1179648K
  class space    used 13563K, committed 14016K, reserved 1048576K
}
Event: 4066.780 GC heap before
{Heap before GC invocations=606 (full 175):
 garbage-first heap   total 524288K, used 262123K [0x0000000701800000, 0x0000000800000000)
  region size 2048K, 40 young (81920K), 3 survivors (6144K)
 Metaspace       used 100349K, committed 101184K, reserved 1179648K
  class space    used 13563K, committed 14016K, reserved 1048576K
}
Event: 4066.783 GC heap after
{Heap after GC invocations=607 (full 175):
 garbage-first heap   total 524288K, used 188123K [0x0000000701800000, 0x0000000800000000)
  region size 2048K, 4 young (8192K), 4 survivors (8192K)
 Metaspace       used 100349K, committed 101184K, reserved 1179648K
  class space    used 13563K, committed 14016K, reserved 1048576K
}

