# JRE version: OpenJDK Runtime Environment Temurin-17.0.7+7 (17.0.7+7) (build 17.0.7+7)
# Java VM: OpenJDK 64-Bit Server VM Temurin-17.0.7+7 (17.0.7+7, mixed mode, sharing, tiered, compressed oops, compressed class ptrs, g1 gc, windows-amd64)
GC Precious Log:
 CPUs: 12 total, 12 available
 Memory: 15731M
 Large Page Support: Disabled
 NUMA Support: Disabled
 Compressed Oops: Enabled (Zero based)
 Heap Region Size: 2M
 Heap Min Capacity: 512M
 Heap Initial Capacity: 512M
 Heap Max Capacity: 4072M
 Pre-touch: Disabled
 Parallel Workers: 10
 Concurrent Workers: 3
 Concurrent Refinement Workers: 10
 Periodic GC: Disabled
 String Deduplication is enabled
Heap:
 garbage-first heap   total 524288K, used 259138K [0x0000000701800000, 0x0000000800000000)
  region size 2048K, 35 young (71680K), 1 survivors (2048K)
 Metaspace       used 112397K, committed 112960K, reserved 1179648K
  class space    used 16472K, committed 16768K, reserved 1048576K
GC Heap History (20 events):
Event: 61579.290 GC heap before
{Heap before GC invocations=603 (full 168):
 garbage-first heap   total 524288K, used 271495K [0x0000000701800000, 0x0000000800000000)
  region size 2048K, 40 young (81920K), 1 survivors (2048K)
 Metaspace       used 112360K, committed 112960K, reserved 1179648K
  class space    used 16471K, committed 16768K, reserved 1048576K
}
Event: 61579.292 GC heap after
{Heap after GC invocations=604 (full 168):
 garbage-first heap   total 524288K, used 191357K [0x0000000701800000, 0x0000000800000000)
  region size 2048K, 1 young (2048K), 1 survivors (2048K)
 Metaspace       used 112360K, committed 112960K, reserved 1179648K
  class space    used 16471K, committed 16768K, reserved 1048576K
}
Event: 61588.224 GC heap before
{Heap before GC invocations=604 (full 168):
 garbage-first heap   total 524288K, used 271229K [0x0000000701800000, 0x0000000800000000)
  region size 2048K, 40 young (81920K), 1 survivors (2048K)
 Metaspace       used 112360K, committed 112960K, reserved 1179648K
  class space    used 16471K, committed 16768K, reserved 1048576K
}
Event: 61588.227 GC heap after
{Heap after GC invocations=605 (full 168):
 garbage-first heap   total 524288K, used 191344K [0x0000000701800000, 0x0000000800000000)
  region size 2048K, 1 young (2048K), 1 survivors (2048K)
 Metaspace       used 112360K, committed 112960K, reserved 1179648K
  class space    used 16471K, committed 16768K, reserved 1048576K
}
Event: 61618.882 GC heap before
{Heap before GC invocations=605 (full 168):
 garbage-first heap   total 524288K, used 271216K [0x0000000701800000, 0x0000000800000000)
  region size 2048K, 40 young (81920K), 1 survivors (2048K)
 Metaspace       used 112363K, committed 112960K, reserved 1179648K
  class space    used 16471K, committed 16768K, reserved 1048576K
}
Event: 61618.884 GC heap after
{Heap after GC invocations=606 (full 168):
 garbage-first heap   total 524288K, used 191439K [0x0000000701800000, 0x0000000800000000)
  region size 2048K, 1 young (2048K), 1 survivors (2048K)
 Metaspace       used 112363K, committed 112960K, reserved 1179648K
  class space    used 16471K, committed 16768K, reserved 1048576K
}
Event: 61629.936 GC heap before
{Heap before GC invocations=606 (full 168):
 garbage-first heap   total 524288K, used 271311K [0x0000000701800000, 0x0000000800000000)
  region size 2048K, 40 young (81920K), 1 survivors (2048K)
 Metaspace       used 112372K, committed 112960K, reserved 1179648K
  class space    used 16472K, committed 16768K, reserved 1048576K
}
Event: 61629.938 GC heap after
{Heap after GC invocations=607 (full 168):
 garbage-first heap   total 524288K, used 191433K [0x0000000701800000, 0x0000000800000000)
  region size 2048K, 1 young (2048K), 1 survivors (2048K)
 Metaspace       used 112372K, committed 112960K, reserved 1179648K
  class space    used 16472K, committed 16768K, reserved 1048576K
}
Event: 61645.525 GC heap before
{Heap before GC invocations=607 (full 168):
 garbage-first heap   total 524288K, used 271305K [0x0000000701800000, 0x0000000800000000)
  region size 2048K, 40 young (81920K), 1 survivors (2048K)
 Metaspace       used 112373K, committed 112960K, reserved 1179648K
  class space    used 16472K, committed 16768K, reserved 1048576K
}
Event: 61645.527 GC heap after
{Heap after GC invocations=608 (full 168):
 garbage-first heap   total 524288K, used 191413K [0x0000000701800000, 0x0000000800000000)
  region size 2048K, 1 young (2048K), 1 survivors (2048K)
 Metaspace       used 112373K, committed 112960K, reserved 1179648K
  class space    used 16472K, committed 16768K, reserved 1048576K
}
Event: 61654.237 GC heap before
{Heap before GC invocations=608 (full 168):
 garbage-first heap   total 524288K, used 271285K [0x0000000701800000, 0x0000000800000000)
  region size 2048K, 40 young (81920K), 1 survivors (2048K)
 Metaspace       used 112374K, committed 112960K, reserved 1179648K
  class space    used 16472K, committed 16768K, reserved 1048576K
}
Event: 61654.238 GC heap after
{Heap after GC invocations=609 (full 168):
 garbage-first heap   total 524288K, used 191455K [0x0000000701800000, 0x0000000800000000)
  region size 2048K, 1 young (2048K), 1 survivors (2048K)
 Metaspace       used 112374K, committed 112960K, reserved 1179648K
  class space    used 16472K, committed 16768K, reserved 1048576K
}
Event: 61662.548 GC heap before
{Heap before GC invocations=609 (full 168):
 garbage-first heap   total 524288K, used 271327K [0x0000000701800000, 0x0000000800000000)
  region size 2048K, 40 young (81920K), 1 survivors (2048K)
 Metaspace       used 112374K, committed 112960K, reserved 1179648K
  class space    used 16472K, committed 16768K, reserved 1048576K
}
Event: 61662.550 GC heap after
{Heap after GC invocations=610 (full 168):
 garbage-first heap   total 524288K, used 191515K [0x0000000701800000, 0x0000000800000000)
  region size 2048K, 1 young (2048K), 1 survivors (2048K)
 Metaspace       used 112374K, committed 112960K, reserved 1179648K
  class space    used 16472K, committed 16768K, reserved 1048576K
}
Event: 61682.065 GC heap before
{Heap before GC invocations=610 (full 168):
 garbage-first heap   total 524288K, used 271387K [0x0000000701800000, 0x0000000800000000)
  region size 2048K, 40 young (81920K), 1 survivors (2048K)
 Metaspace       used 112377K, committed 112960K, reserved 1179648K
  class space    used 16472K, committed 16768K, reserved 1048576K
}
Event: 61682.067 GC heap after
{Heap after GC invocations=611 (full 168):
 garbage-first heap   total 524288K, used 191483K [0x0000000701800000, 0x0000000800000000)
  region size 2048K, 1 young (2048K), 1 survivors (2048K)
 Metaspace       used 112377K, committed 112960K, reserved 1179648K
  class space    used 16472K, committed 16768K, reserved 1048576K
}
Event: 61707.237 GC heap before
{Heap before GC invocations=611 (full 168):
 garbage-first heap   total 524288K, used 271355K [0x0000000701800000, 0x0000000800000000)
  region size 2048K, 40 young (81920K), 1 survivors (2048K)
 Metaspace       used 112381K, committed 112960K, reserved 1179648K
  class space    used 16472K, committed 16768K, reserved 1048576K
}
Event: 61707.239 GC heap after
{Heap after GC invocations=612 (full 168):
 garbage-first heap   total 524288K, used 191462K [0x0000000701800000, 0x0000000800000000)
  region size 2048K, 1 young (2048K), 1 survivors (2048K)
 Metaspace       used 112381K, committed 112960K, reserved 1179648K
  class space    used 16472K, committed 16768K, reserved 1048576K
}
Event: 61778.291 GC heap before
{Heap before GC invocations=612 (full 168):
 garbage-first heap   total 524288K, used 271334K [0x0000000701800000, 0x0000000800000000)
  region size 2048K, 41 young (83968K), 1 survivors (2048K)
 Metaspace       used 112384K, committed 112960K, reserved 1179648K
  class space    used 16472K, committed 16768K, reserved 1048576K
}
Event: 61778.292 GC heap after
{Heap after GC invocations=613 (full 168):
 garbage-first heap   total 524288K, used 191554K [0x0000000701800000, 0x0000000800000000)
  region size 2048K, 1 young (2048K), 1 survivors (2048K)
 Metaspace       used 112384K, committed 112960K, reserved 1179648K
  class space    used 16472K, committed 16768K, reserved 1048576K
}

