# JRE version: OpenJDK Runtime Environment Temurin-17.0.7+7 (17.0.7+7) (build 17.0.7+7)
# Java VM: OpenJDK 64-Bit Server VM Temurin-17.0.7+7 (17.0.7+7, mixed mode, sharing, tiered, compressed oops, compressed class ptrs, g1 gc, windows-amd64)
GC Precious Log:
 CPUs: 16 total, 16 available
 Memory: 16302M
 Large Page Support: Disabled
 NUMA Support: Disabled
 Compressed Oops: Enabled (Zero based)
 Heap Region Size: 2M
 Heap Min Capacity: 512M
 Heap Initial Capacity: 512M
 Heap Max Capacity: 4072M
 Pre-touch: Disabled
 Parallel Workers: 13
 Concurrent Workers: 3
 Concurrent Refinement Workers: 13
 Periodic GC: Disabled
 String Deduplication is enabled
Heap:
 garbage-first heap   total 524288K, used 162793K [0x0000000701800000, 0x0000000800000000)
  region size 2048K, 26 young (53248K), 1 survivors (2048K)
 Metaspace       used 90762K, committed 91456K, reserved 1179648K
  class space    used 12573K, committed 12928K, reserved 1048576K
GC Heap History (20 events):
Event: 497.830 GC heap before
{Heap before GC invocations=82 (full 24):
 garbage-first heap   total 524288K, used 192203K [0x0000000701800000, 0x0000000800000000)
  region size 2048K, 40 young (81920K), 1 survivors (2048K)
 Metaspace       used 90389K, committed 91136K, reserved 1179648K
  class space    used 12544K, committed 12928K, reserved 1048576K
}
Event: 497.831 GC heap after
{Heap after GC invocations=83 (full 24):
 garbage-first heap   total 524288K, used 112186K [0x0000000701800000, 0x0000000800000000)
  region size 2048K, 1 young (2048K), 1 survivors (2048K)
 Metaspace       used 90389K, committed 91136K, reserved 1179648K
  class space    used 12544K, committed 12928K, reserved 1048576K
}
Event: 506.313 GC heap before
{Heap before GC invocations=83 (full 24):
 garbage-first heap   total 524288K, used 192058K [0x0000000701800000, 0x0000000800000000)
  region size 2048K, 40 young (81920K), 1 survivors (2048K)
 Metaspace       used 90456K, committed 91200K, reserved 1179648K
  class space    used 12551K, committed 12928K, reserved 1048576K
}
Event: 506.315 GC heap after
{Heap after GC invocations=84 (full 24):
 garbage-first heap   total 524288K, used 112400K [0x0000000701800000, 0x0000000800000000)
  region size 2048K, 1 young (2048K), 1 survivors (2048K)
 Metaspace       used 90456K, committed 91200K, reserved 1179648K
  class space    used 12551K, committed 12928K, reserved 1048576K
}
Event: 510.988 GC heap before
{Heap before GC invocations=84 (full 24):
 garbage-first heap   total 524288K, used 192272K [0x0000000701800000, 0x0000000800000000)
  region size 2048K, 40 young (81920K), 1 survivors (2048K)
 Metaspace       used 90492K, committed 91264K, reserved 1179648K
  class space    used 12551K, committed 12928K, reserved 1048576K
}
Event: 510.989 GC heap after
{Heap after GC invocations=85 (full 24):
 garbage-first heap   total 524288K, used 112792K [0x0000000701800000, 0x0000000800000000)
  region size 2048K, 1 young (2048K), 1 survivors (2048K)
 Metaspace       used 90492K, committed 91264K, reserved 1179648K
  class space    used 12551K, committed 12928K, reserved 1048576K
}
Event: 516.469 GC heap before
{Heap before GC invocations=85 (full 24):
 garbage-first heap   total 524288K, used 192664K [0x0000000701800000, 0x0000000800000000)
  region size 2048K, 40 young (81920K), 1 survivors (2048K)
 Metaspace       used 90517K, committed 91328K, reserved 1179648K
  class space    used 12551K, committed 12928K, reserved 1048576K
}
Event: 516.471 GC heap after
{Heap after GC invocations=86 (full 24):
 garbage-first heap   total 524288K, used 113650K [0x0000000701800000, 0x0000000800000000)
  region size 2048K, 1 young (2048K), 1 survivors (2048K)
 Metaspace       used 90517K, committed 91328K, reserved 1179648K
  class space    used 12551K, committed 12928K, reserved 1048576K
}
Event: 521.788 GC heap before
{Heap before GC invocations=86 (full 24):
 garbage-first heap   total 524288K, used 193522K [0x0000000701800000, 0x0000000800000000)
  region size 2048K, 40 young (81920K), 1 survivors (2048K)
 Metaspace       used 90533K, committed 91328K, reserved 1179648K
  class space    used 12551K, committed 12928K, reserved 1048576K
}
Event: 521.789 GC heap after
{Heap after GC invocations=87 (full 24):
 garbage-first heap   total 524288K, used 113154K [0x0000000701800000, 0x0000000800000000)
  region size 2048K, 1 young (2048K), 1 survivors (2048K)
 Metaspace       used 90533K, committed 91328K, reserved 1179648K
  class space    used 12551K, committed 12928K, reserved 1048576K
}
Event: 525.874 GC heap before
{Heap before GC invocations=87 (full 24):
 garbage-first heap   total 524288K, used 193026K [0x0000000701800000, 0x0000000800000000)
  region size 2048K, 40 young (81920K), 1 survivors (2048K)
 Metaspace       used 90539K, committed 91328K, reserved 1179648K
  class space    used 12551K, committed 12928K, reserved 1048576K
}
Event: 525.875 GC heap after
{Heap after GC invocations=88 (full 24):
 garbage-first heap   total 524288K, used 113103K [0x0000000701800000, 0x0000000800000000)
  region size 2048K, 1 young (2048K), 1 survivors (2048K)
 Metaspace       used 90539K, committed 91328K, reserved 1179648K
  class space    used 12551K, committed 12928K, reserved 1048576K
}
Event: 531.309 GC heap before
{Heap before GC invocations=88 (full 24):
 garbage-first heap   total 524288K, used 192975K [0x0000000701800000, 0x0000000800000000)
  region size 2048K, 40 young (81920K), 1 survivors (2048K)
 Metaspace       used 90579K, committed 91328K, reserved 1179648K
  class space    used 12551K, committed 12928K, reserved 1048576K
}
Event: 531.310 GC heap after
{Heap after GC invocations=89 (full 24):
 garbage-first heap   total 524288K, used 113572K [0x0000000701800000, 0x0000000800000000)
  region size 2048K, 1 young (2048K), 1 survivors (2048K)
 Metaspace       used 90579K, committed 91328K, reserved 1179648K
  class space    used 12551K, committed 12928K, reserved 1048576K
}
Event: 554.464 GC heap before
{Heap before GC invocations=89 (full 24):
 garbage-first heap   total 524288K, used 193444K [0x0000000701800000, 0x0000000800000000)
  region size 2048K, 40 young (81920K), 1 survivors (2048K)
 Metaspace       used 90580K, committed 91328K, reserved 1179648K
  class space    used 12551K, committed 12928K, reserved 1048576K
}
Event: 554.465 GC heap after
{Heap after GC invocations=90 (full 24):
 garbage-first heap   total 524288K, used 113527K [0x0000000701800000, 0x0000000800000000)
  region size 2048K, 1 young (2048K), 1 survivors (2048K)
 Metaspace       used 90580K, committed 91328K, reserved 1179648K
  class space    used 12551K, committed 12928K, reserved 1048576K
}
Event: 565.573 GC heap before
{Heap before GC invocations=90 (full 24):
 garbage-first heap   total 524288K, used 193399K [0x0000000701800000, 0x0000000800000000)
  region size 2048K, 40 young (81920K), 1 survivors (2048K)
 Metaspace       used 90583K, committed 91328K, reserved 1179648K
  class space    used 12551K, committed 12928K, reserved 1048576K
}
Event: 565.574 GC heap after
{Heap after GC invocations=91 (full 24):
 garbage-first heap   total 524288K, used 113450K [0x0000000701800000, 0x0000000800000000)
  region size 2048K, 1 young (2048K), 1 survivors (2048K)
 Metaspace       used 90583K, committed 91328K, reserved 1179648K
  class space    used 12551K, committed 12928K, reserved 1048576K
}
Event: 588.854 GC heap before
{Heap before GC invocations=91 (full 24):
 garbage-first heap   total 524288K, used 193322K [0x0000000701800000, 0x0000000800000000)
  region size 2048K, 40 young (81920K), 1 survivors (2048K)
 Metaspace       used 90673K, committed 91456K, reserved 1179648K
  class space    used 12557K, committed 12928K, reserved 1048576K
}
Event: 588.855 GC heap after
{Heap after GC invocations=92 (full 24):
 garbage-first heap   total 524288K, used 113641K [0x0000000701800000, 0x0000000800000000)
  region size 2048K, 1 young (2048K), 1 survivors (2048K)
 Metaspace       used 90673K, committed 91456K, reserved 1179648K
  class space    used 12557K, committed 12928K, reserved 1048576K
}

