# JRE version: OpenJDK Runtime Environment Temurin-17.0.7+7 (17.0.7+7) (build 17.0.7+7)
# Java VM: OpenJDK 64-Bit Server VM Temurin-17.0.7+7 (17.0.7+7, mixed mode, sharing, tiered, compressed oops, compressed class ptrs, g1 gc, windows-amd64)
GC Precious Log:
 CPUs: 16 total, 16 available
 Memory: 16302M
 Large Page Support: Disabled
 NUMA Support: Disabled
 Compressed Oops: Enabled (Zero based)
 Heap Region Size: 2M
 Heap Min Capacity: 512M
 Heap Initial Capacity: 512M
 Heap Max Capacity: 4072M
 Pre-touch: Disabled
 Parallel Workers: 13
 Concurrent Workers: 3
 Concurrent Refinement Workers: 13
 Periodic GC: Disabled
 String Deduplication is enabled
Heap:
 garbage-first heap   total 524288K, used 124759K [0x0000000701800000, 0x0000000800000000)
  region size 2048K, 7 young (14336K), 2 survivors (4096K)
 Metaspace       used 91462K, committed 92160K, reserved 1179648K
  class space    used 12521K, committed 12864K, reserved 1048576K
GC Heap History (20 events):
Event: 564.730 GC heap before
{Heap before GC invocations=112 (full 48):
 garbage-first heap   total 524288K, used 192919K [0x0000000701800000, 0x0000000800000000)
  region size 2048K, 40 young (81920K), 3 survivors (6144K)
 Metaspace       used 90454K, committed 91200K, reserved 1179648K
  class space    used 12428K, committed 12800K, reserved 1048576K
}
Event: 564.733 GC heap after
{Heap after GC invocations=113 (full 48):
 garbage-first heap   total 524288K, used 117663K [0x0000000701800000, 0x0000000800000000)
  region size 2048K, 3 young (6144K), 3 survivors (6144K)
 Metaspace       used 90454K, committed 91200K, reserved 1179648K
  class space    used 12428K, committed 12800K, reserved 1048576K
}
Event: 568.175 GC heap before
{Heap before GC invocations=113 (full 48):
 garbage-first heap   total 524288K, used 193439K [0x0000000701800000, 0x0000000800000000)
  region size 2048K, 40 young (81920K), 3 survivors (6144K)
 Metaspace       used 90740K, committed 91520K, reserved 1179648K
  class space    used 12470K, committed 12864K, reserved 1048576K
}
Event: 568.177 GC heap after
{Heap after GC invocations=114 (full 48):
 garbage-first heap   total 524288K, used 117176K [0x0000000701800000, 0x0000000800000000)
  region size 2048K, 3 young (6144K), 3 survivors (6144K)
 Metaspace       used 90740K, committed 91520K, reserved 1179648K
  class space    used 12470K, committed 12864K, reserved 1048576K
}
Event: 570.708 GC heap before
{Heap before GC invocations=114 (full 48):
 garbage-first heap   total 524288K, used 133560K [0x0000000701800000, 0x0000000800000000)
  region size 2048K, 12 young (24576K), 3 survivors (6144K)
 Metaspace       used 90808K, committed 91584K, reserved 1179648K
  class space    used 12471K, committed 12864K, reserved 1048576K
}
Event: 570.757 GC heap after
{Heap after GC invocations=115 (full 49):
 garbage-first heap   total 524288K, used 113196K [0x0000000701800000, 0x0000000800000000)
  region size 2048K, 0 young (0K), 0 survivors (0K)
 Metaspace       used 90808K, committed 91584K, reserved 1179648K
  class space    used 12471K, committed 12864K, reserved 1048576K
}
Event: 572.880 GC heap before
{Heap before GC invocations=115 (full 49):
 garbage-first heap   total 524288K, used 195116K [0x0000000701800000, 0x0000000800000000)
  region size 2048K, 40 young (81920K), 0 survivors (0K)
 Metaspace       used 90889K, committed 91648K, reserved 1179648K
  class space    used 12473K, committed 12864K, reserved 1048576K
}
Event: 572.882 GC heap after
{Heap after GC invocations=116 (full 49):
 garbage-first heap   total 524288K, used 115221K [0x0000000701800000, 0x0000000800000000)
  region size 2048K, 1 young (2048K), 1 survivors (2048K)
 Metaspace       used 90889K, committed 91648K, reserved 1179648K
  class space    used 12473K, committed 12864K, reserved 1048576K
}
Event: 574.728 GC heap before
{Heap before GC invocations=116 (full 49):
 garbage-first heap   total 524288K, used 195093K [0x0000000701800000, 0x0000000800000000)
  region size 2048K, 40 young (81920K), 1 survivors (2048K)
 Metaspace       used 90944K, committed 91648K, reserved 1179648K
  class space    used 12481K, committed 12864K, reserved 1048576K
}
Event: 574.729 GC heap after
{Heap after GC invocations=117 (full 49):
 garbage-first heap   total 524288K, used 115244K [0x0000000701800000, 0x0000000800000000)
  region size 2048K, 1 young (2048K), 1 survivors (2048K)
 Metaspace       used 90944K, committed 91648K, reserved 1179648K
  class space    used 12481K, committed 12864K, reserved 1048576K
}
Event: 576.188 GC heap before
{Heap before GC invocations=117 (full 49):
 garbage-first heap   total 524288K, used 195116K [0x0000000701800000, 0x0000000800000000)
  region size 2048K, 40 young (81920K), 1 survivors (2048K)
 Metaspace       used 90977K, committed 91712K, reserved 1179648K
  class space    used 12483K, committed 12864K, reserved 1048576K
}
Event: 576.189 GC heap after
{Heap after GC invocations=118 (full 49):
 garbage-first heap   total 524288K, used 114674K [0x0000000701800000, 0x0000000800000000)
  region size 2048K, 1 young (2048K), 1 survivors (2048K)
 Metaspace       used 90977K, committed 91712K, reserved 1179648K
  class space    used 12483K, committed 12864K, reserved 1048576K
}
Event: 579.921 GC heap before
{Heap before GC invocations=118 (full 49):
 garbage-first heap   total 524288K, used 194546K [0x0000000701800000, 0x0000000800000000)
  region size 2048K, 40 young (81920K), 1 survivors (2048K)
 Metaspace       used 91008K, committed 91776K, reserved 1179648K
  class space    used 12484K, committed 12864K, reserved 1048576K
}
Event: 579.923 GC heap after
{Heap after GC invocations=119 (full 49):
 garbage-first heap   total 524288K, used 116409K [0x0000000701800000, 0x0000000800000000)
  region size 2048K, 2 young (4096K), 2 survivors (4096K)
 Metaspace       used 91008K, committed 91776K, reserved 1179648K
  class space    used 12484K, committed 12864K, reserved 1048576K
}
Event: 588.742 GC heap before
{Heap before GC invocations=119 (full 49):
 garbage-first heap   total 524288K, used 194233K [0x0000000701800000, 0x0000000800000000)
  region size 2048K, 40 young (81920K), 2 survivors (4096K)
 Metaspace       used 91159K, committed 91904K, reserved 1179648K
  class space    used 12494K, committed 12864K, reserved 1048576K
}
Event: 588.744 GC heap after
{Heap after GC invocations=120 (full 49):
 garbage-first heap   total 524288K, used 116254K [0x0000000701800000, 0x0000000800000000)
  region size 2048K, 2 young (4096K), 2 survivors (4096K)
 Metaspace       used 91159K, committed 91904K, reserved 1179648K
  class space    used 12494K, committed 12864K, reserved 1048576K
}
Event: 590.728 GC heap before
{Heap before GC invocations=120 (full 49):
 garbage-first heap   total 524288K, used 194078K [0x0000000701800000, 0x0000000800000000)
  region size 2048K, 40 young (81920K), 2 survivors (4096K)
 Metaspace       used 91182K, committed 91968K, reserved 1179648K
  class space    used 12495K, committed 12864K, reserved 1048576K
}
Event: 590.730 GC heap after
{Heap after GC invocations=121 (full 49):
 garbage-first heap   total 524288K, used 116904K [0x0000000701800000, 0x0000000800000000)
  region size 2048K, 2 young (4096K), 2 survivors (4096K)
 Metaspace       used 91182K, committed 91968K, reserved 1179648K
  class space    used 12495K, committed 12864K, reserved 1048576K
}
Event: 599.083 GC heap before
{Heap before GC invocations=121 (full 49):
 garbage-first heap   total 524288K, used 194728K [0x0000000701800000, 0x0000000800000000)
  region size 2048K, 40 young (81920K), 2 survivors (4096K)
 Metaspace       used 91462K, committed 92160K, reserved 1179648K
  class space    used 12521K, committed 12864K, reserved 1048576K
}
Event: 599.085 GC heap after
{Heap after GC invocations=122 (full 49):
 garbage-first heap   total 524288K, used 116567K [0x0000000701800000, 0x0000000800000000)
  region size 2048K, 2 young (4096K), 2 survivors (4096K)
 Metaspace       used 91462K, committed 92160K, reserved 1179648K
  class space    used 12521K, committed 12864K, reserved 1048576K
}

